<?xml version="1.0" encoding="UTF-8"?>
<testng-results skipped="0" failed="0" ignored="0" total="2" passed="2">
  <reporter-output>
  </reporter-output>
  <suite name="Default suite" duration-ms="514" started-at="2018-05-14T20:30:56Z" finished-at="2018-05-14T20:30:57Z">
    <groups>
    </groups>
    <test name="Default test" duration-ms="514" started-at="2018-05-14T20:30:56Z" finished-at="2018-05-14T20:30:57Z">
      <class name="jenkis.DemoJenkis">
        <test-method status="PASS" signature="oneTimeSetUp()[pri:0, instance:jenkis.DemoJenkis@2bbe7e81]" name="oneTimeSetUp" is-config="true" duration-ms="293" started-at="2018-05-14T20:30:57Z" finished-at="2018-05-14T20:30:57Z">
          <reporter-output>
          </reporter-output>
        </test-method> <!-- oneTimeSetUp -->
        <test-method status="PASS" signature="setUp()[pri:0, instance:jenkis.DemoJenkis@2bbe7e81]" name="setUp" is-config="true" duration-ms="0" started-at="2018-05-14T20:30:57Z" finished-at="2018-05-14T20:30:57Z">
          <reporter-output>
          </reporter-output>
        </test-method> <!-- setUp -->
        <test-method status="PASS" signature="testEmptyCollection()[pri:0, instance:jenkis.DemoJenkis@2bbe7e81]" name="testEmptyCollection" duration-ms="9" started-at="2018-05-14T20:30:57Z" finished-at="2018-05-14T20:30:57Z">
          <reporter-output>
          </reporter-output>
        </test-method> <!-- testEmptyCollection -->
        <test-method status="PASS" signature="tearDown()[pri:0, instance:jenkis.DemoJenkis@2bbe7e81]" name="tearDown" is-config="true" duration-ms="1" started-at="2018-05-14T20:30:57Z" finished-at="2018-05-14T20:30:57Z">
          <reporter-output>
          </reporter-output>
        </test-method> <!-- tearDown -->
        <test-method status="PASS" signature="setUp()[pri:0, instance:jenkis.DemoJenkis@2bbe7e81]" name="setUp" is-config="true" duration-ms="0" started-at="2018-05-14T20:30:57Z" finished-at="2018-05-14T20:30:57Z">
          <reporter-output>
          </reporter-output>
        </test-method> <!-- setUp -->
        <test-method status="PASS" signature="testOneItemCollection()[pri:0, instance:jenkis.DemoJenkis@2bbe7e81]" name="testOneItemCollection" duration-ms="3" started-at="2018-05-14T20:30:57Z" finished-at="2018-05-14T20:30:57Z">
          <reporter-output>
          </reporter-output>
        </test-method> <!-- testOneItemCollection -->
        <test-method status="PASS" signature="tearDown()[pri:0, instance:jenkis.DemoJenkis@2bbe7e81]" name="tearDown" is-config="true" duration-ms="0" started-at="2018-05-14T20:30:57Z" finished-at="2018-05-14T20:30:57Z">
          <reporter-output>
          </reporter-output>
        </test-method> <!-- tearDown -->
        <test-method status="PASS" signature="oneTimeTearDown()[pri:0, instance:jenkis.DemoJenkis@2bbe7e81]" name="oneTimeTearDown" is-config="true" duration-ms="1" started-at="2018-05-14T20:30:57Z" finished-at="2018-05-14T20:30:57Z">
          <reporter-output>
          </reporter-output>
        </test-method> <!-- oneTimeTearDown -->
      </class> <!-- jenkis.DemoJenkis -->
    </test> <!-- Default test -->
  </suite> <!-- Default suite -->
</testng-results>
